# JRE version: Java(TM) SE Runtime Environment (21.0.6+8) (build 21.0.6+8-LTS-188)
# Java VM: Java HotSpot(TM) 64-Bit Server VM (21.0.6+8-LTS-188, mixed mode, emulated-client, sharing, tiered, compressed oops, compressed class ptrs, g1 gc, windows-amd64)
GC Precious Log:
 CardTable entry size: 512
 Card Set container configuration: InlinePtr #cards 4 size 8 Array Of Cards #cards 32 size 80 Howl #buckets 8 coarsen threshold 7372 Howl Bitmap #cards 1024 size 144 coarsen threshold 921 Card regions per heap region 1 cards per card region 8192
 CPUs: 8 total, 8 available
 Memory: 32606M
 Large Page Support: Disabled
 NUMA Support: Disabled
 Compressed Oops: Enabled (Zero based)
 Heap Region Size: 4M
 Heap Min Capacity: 8M
 Heap Initial Capacity: 512M
 Heap Max Capacity: 8152M
 Pre-touch: Disabled
 Parallel Workers: 8
 Concurrent Workers: 2
 Concurrent Refinement Workers: 8
 Periodic GC: Disabled
Heap:
 garbage-first heap   total 299008K, used 41761K [0x0000000602800000, 0x0000000800000000)
  region size 4096K, 7 young (28672K), 1 survivors (4096K)
 Metaspace       used 33376K, committed 34496K, reserved 1114112K
  class space    used 4726K, committed 5184K, reserved 1048576K
GC Heap History (20 events):
Event: 14022.731 GC heap after
{Heap after GC invocations=854 (full 393):
 garbage-first heap   total 69632K, used 17614K [0x0000000602800000, 0x0000000800000000)
  region size 4096K, 0 young (0K), 0 survivors (0K)
 Metaspace       used 33055K, committed 34048K, reserved 1114112K
  class space    used 4670K, committed 5056K, reserved 1048576K
}
Event: 14025.034 GC heap before
{Heap before GC invocations=854 (full 393):
 garbage-first heap   total 69632K, used 50382K [0x0000000602800000, 0x0000000800000000)
  region size 4096K, 9 young (36864K), 0 survivors (0K)
 Metaspace       used 33115K, committed 34176K, reserved 1114112K
  class space    used 4680K, committed 5120K, reserved 1048576K
}
Event: 14025.083 GC heap after
{Heap after GC invocations=855 (full 393):
 garbage-first heap   total 299008K, used 21171K [0x0000000602800000, 0x0000000800000000)
  region size 4096K, 1 young (4096K), 1 survivors (4096K)
 Metaspace       used 33115K, committed 34176K, reserved 1114112K
  class space    used 4680K, committed 5120K, reserved 1048576K
}
Event: 14025.411 GC heap before
{Heap before GC invocations=855 (full 393):
 garbage-first heap   total 299008K, used 21171K [0x0000000602800000, 0x0000000800000000)
  region size 4096K, 2 young (8192K), 1 survivors (4096K)
 Metaspace       used 33118K, committed 34176K, reserved 1114112K
  class space    used 4680K, committed 5120K, reserved 1048576K
}
Event: 14025.440 GC heap after
{Heap after GC invocations=856 (full 394):
 garbage-first heap   total 98304K, used 17776K [0x0000000602800000, 0x0000000800000000)
  region size 4096K, 0 young (0K), 0 survivors (0K)
 Metaspace       used 33115K, committed 34176K, reserved 1114112K
  class space    used 4680K, committed 5120K, reserved 1048576K
}
Event: 14034.413 GC heap before
{Heap before GC invocations=856 (full 394):
 garbage-first heap   total 98304K, used 66928K [0x0000000602800000, 0x0000000800000000)
  region size 4096K, 13 young (53248K), 0 survivors (0K)
 Metaspace       used 33175K, committed 34240K, reserved 1114112K
  class space    used 4690K, committed 5120K, reserved 1048576K
}
Event: 14034.414 GC heap after
{Heap after GC invocations=857 (full 394):
 garbage-first heap   total 98304K, used 20993K [0x0000000602800000, 0x0000000800000000)
  region size 4096K, 1 young (4096K), 1 survivors (4096K)
 Metaspace       used 33175K, committed 34240K, reserved 1114112K
  class space    used 4690K, committed 5120K, reserved 1048576K
}
Event: 14035.223 GC heap before
{Heap before GC invocations=857 (full 394):
 garbage-first heap   total 98304K, used 25089K [0x0000000602800000, 0x0000000800000000)
  region size 4096K, 3 young (12288K), 1 survivors (4096K)
 Metaspace       used 33178K, committed 34240K, reserved 1114112K
  class space    used 4690K, committed 5120K, reserved 1048576K
}
Event: 14035.261 GC heap after
{Heap after GC invocations=858 (full 395):
 garbage-first heap   total 69632K, used 17601K [0x0000000602800000, 0x0000000800000000)
  region size 4096K, 0 young (0K), 0 survivors (0K)
 Metaspace       used 33175K, committed 34240K, reserved 1114112K
  class space    used 4690K, committed 5120K, reserved 1048576K
}
Event: 14037.710 GC heap before
{Heap before GC invocations=858 (full 395):
 garbage-first heap   total 69632K, used 50369K [0x0000000602800000, 0x0000000800000000)
  region size 4096K, 9 young (36864K), 0 survivors (0K)
 Metaspace       used 33235K, committed 34304K, reserved 1114112K
  class space    used 4700K, committed 5120K, reserved 1048576K
}
Event: 14037.712 GC heap after
{Heap after GC invocations=859 (full 395):
 garbage-first heap   total 69632K, used 20903K [0x0000000602800000, 0x0000000800000000)
  region size 4096K, 1 young (4096K), 1 survivors (4096K)
 Metaspace       used 33235K, committed 34304K, reserved 1114112K
  class space    used 4700K, committed 5120K, reserved 1048576K
}
Event: 14037.934 GC heap before
{Heap before GC invocations=859 (full 395):
 garbage-first heap   total 69632K, used 20903K [0x0000000602800000, 0x0000000800000000)
  region size 4096K, 2 young (8192K), 1 survivors (4096K)
 Metaspace       used 33238K, committed 34304K, reserved 1114112K
  class space    used 4700K, committed 5120K, reserved 1048576K
}
Event: 14037.997 GC heap after
{Heap after GC invocations=860 (full 396):
 garbage-first heap   total 69632K, used 17858K [0x0000000602800000, 0x0000000800000000)
  region size 4096K, 0 young (0K), 0 survivors (0K)
 Metaspace       used 33231K, committed 34304K, reserved 1114112K
  class space    used 4699K, committed 5120K, reserved 1048576K
}
Event: 14040.084 GC heap before
{Heap before GC invocations=860 (full 396):
 garbage-first heap   total 69632K, used 50626K [0x0000000602800000, 0x0000000800000000)
  region size 4096K, 9 young (36864K), 0 survivors (0K)
 Metaspace       used 33292K, committed 34368K, reserved 1114112K
  class space    used 4710K, committed 5120K, reserved 1048576K
}
Event: 14040.086 GC heap after
{Heap after GC invocations=861 (full 396):
 garbage-first heap   total 69632K, used 21266K [0x0000000602800000, 0x0000000800000000)
  region size 4096K, 1 young (4096K), 1 survivors (4096K)
 Metaspace       used 33292K, committed 34368K, reserved 1114112K
  class space    used 4710K, committed 5120K, reserved 1048576K
}
Event: 14042.702 GC heap before
{Heap before GC invocations=861 (full 396):
 garbage-first heap   total 69632K, used 29458K [0x0000000602800000, 0x0000000800000000)
  region size 4096K, 4 young (16384K), 1 survivors (4096K)
 Metaspace       used 33295K, committed 34368K, reserved 1114112K
  class space    used 4710K, committed 5120K, reserved 1048576K
}
Event: 14042.767 GC heap after
{Heap after GC invocations=862 (full 397):
 garbage-first heap   total 69632K, used 18174K [0x0000000602800000, 0x0000000800000000)
  region size 4096K, 0 young (0K), 0 survivors (0K)
 Metaspace       used 33292K, committed 34368K, reserved 1114112K
  class space    used 4710K, committed 5120K, reserved 1048576K
}
Event: 14045.323 GC heap before
{Heap before GC invocations=862 (full 397):
 garbage-first heap   total 69632K, used 55038K [0x0000000602800000, 0x0000000800000000)
  region size 4096K, 9 young (36864K), 0 survivors (0K)
 Metaspace       used 33373K, committed 34496K, reserved 1114112K
  class space    used 4725K, committed 5184K, reserved 1048576K
}
Event: 14045.355 GC heap after
{Heap after GC invocations=863 (full 397):
 garbage-first heap   total 299008K, used 21281K [0x0000000602800000, 0x0000000800000000)
  region size 4096K, 1 young (4096K), 1 survivors (4096K)
 Metaspace       used 33373K, committed 34496K, reserved 1114112K
  class space    used 4725K, committed 5184K, reserved 1048576K
}
Event: 14052.618 GC heap before
{Heap before GC invocations=863 (full 397):
 garbage-first heap   total 299008K, used 41761K [0x0000000602800000, 0x0000000800000000)
  region size 4096K, 7 young (28672K), 1 survivors (4096K)
 Metaspace       used 33376K, committed 34496K, reserved 1114112K
  class space    used 4726K, committed 5184K, reserved 1048576K
}

